Using pre-set license
Built from '2023.2/staging' branch; Version is '2023.2.0b4 (f15431dc5dc1) revision 15815729'; Using compiler version '193431935'; Build Type 'Release'
OS: 'Windows 10  (10.0.19045) 64bit Professional' Language: 'es' Physical Memory: 16332 MB
BatchMode: 1, IsHumanControllingUs: 0, StartBugReporterOnCrash: 0, Is64bit: 1, IsPro: 1

COMMAND LINE ARGUMENTS:
C:\Program Files\Unity\Hub\Editor\Unity 2023.2.0b4\Editor\Unity.exe
-adb2
-batchMode
-noUpm
-name
AssetImportWorker3
-projectPath
C:/Users/user/OneDrive/Escritorio/Juego Esquizo (1)/Juego Esquizo
-logFile
Logs/AssetImportWorker3.log
-srvPort
57285
-job-worker-count
5
-background-job-worker-count
8
-asset-garbage-collectors
1
Successfully changed project path to: C:/Users/user/OneDrive/Escritorio/Juego Esquizo (1)/Juego Esquizo
C:/Users/user/OneDrive/Escritorio/Juego Esquizo (1)/Juego Esquizo
[UnityMemory] Configuration Parameters - Can be set up in boot.config
    "memorysetup-bucket-allocator-granularity=16"
    "memorysetup-bucket-allocator-bucket-count=8"
    "memorysetup-bucket-allocator-block-size=33554432"
    "memorysetup-bucket-allocator-block-count=8"
    "memorysetup-main-allocator-block-size=16777216"
    "memorysetup-thread-allocator-block-size=16777216"
    "memorysetup-gfx-main-allocator-block-size=16777216"
    "memorysetup-gfx-thread-allocator-block-size=16777216"
    "memorysetup-cache-allocator-block-size=4194304"
    "memorysetup-typetree-allocator-block-size=2097152"
    "memorysetup-profiler-bucket-allocator-granularity=16"
    "memorysetup-profiler-bucket-allocator-bucket-count=8"
    "memorysetup-profiler-bucket-allocator-block-size=33554432"
    "memorysetup-profiler-bucket-allocator-block-count=8"
    "memorysetup-profiler-allocator-block-size=16777216"
    "memorysetup-profiler-editor-allocator-block-size=1048576"
    "memorysetup-temp-allocator-size-main=16777216"
    "memorysetup-job-temp-allocator-block-size=2097152"
    "memorysetup-job-temp-allocator-block-size-background=1048576"
    "memorysetup-job-temp-allocator-reduction-small-platforms=262144"
    "memorysetup-allocator-temp-initial-block-size-main=262144"
    "memorysetup-allocator-temp-initial-block-size-worker=262144"
    "memorysetup-temp-allocator-size-background-worker=32768"
    "memorysetup-temp-allocator-size-job-worker=262144"
    "memorysetup-temp-allocator-size-preload-manager=33554432"
    "memorysetup-temp-allocator-size-nav-mesh-worker=65536"
    "memorysetup-temp-allocator-size-audio-worker=65536"
    "memorysetup-temp-allocator-size-cloud-worker=32768"
    "memorysetup-temp-allocator-size-gi-baking-worker=262144"
    "memorysetup-temp-allocator-size-gi-baking-worker=262144"
    "memorysetup-temp-allocator-size-gi-baking-worker=262144"
    "memorysetup-temp-allocator-size-gi-baking-worker=262144"
    "memorysetup-temp-allocator-size-gfx=262144"
Player connection [2020] Host "[IP] 192.168.1.162 [Port] 0 [Flags] 2 [Guid] 92104336 [EditorId] 92104336 [Version] 1048832 [Id] WindowsEditor(7,DESKTOP-0M5E6BI) [Debug] 1 [PackageName] WindowsEditor [ProjectName] Editor" joined multi-casting on [225.0.0.222:54997]...
Player connection [2020] Host "[IP] 192.168.1.162 [Port] 0 [Flags] 2 [Guid] 92104336 [EditorId] 92104336 [Version] 1048832 [Id] WindowsEditor(7,DESKTOP-0M5E6BI) [Debug] 1 [PackageName] WindowsEditor [ProjectName] Editor" joined alternative multi-casting on [225.0.0.222:34997]...
JobSystem: Creating JobQueue using job-worker-count value 5
[Physics::Module] Initialized MultithreadedJobDispatcher with 5 workers.
Library Redirect Path: Library/
Refreshing native plugins compatible for Editor in 1.92 ms, found 3 plugins.
Preloading 0 native plugins for Editor in 0.00 ms.
Initialize engine version: 2023.2.0b4 (f15431dc5dc1)
[Subsystems] Discovering subsystems at path C:/Program Files/Unity/Hub/Editor/Unity 2023.2.0b4/Editor/Data/Resources/UnitySubsystems
[Subsystems] Discovering subsystems at path C:/Users/user/OneDrive/Escritorio/Juego Esquizo (1)/Juego Esquizo/Assets
GfxDevice: creating device client; kGfxThreadingModeNonThreaded
Direct3D:
    Version:  Direct3D 11.0 [level 11.1]
    Renderer: NVIDIA GeForce GTX 1660 (ID=0x2184)
    Vendor:   NVIDIA
    VRAM:     5966 MB
    Driver:   32.0.15.6094
Initialize mono
Mono path[0] = 'C:/Program Files/Unity/Hub/Editor/Unity 2023.2.0b4/Editor/Data/Managed'
Mono path[1] = 'C:/Program Files/Unity/Hub/Editor/Unity 2023.2.0b4/Editor/Data/MonoBleedingEdge/lib/mono/unityjit-win32'
Mono config path = 'C:/Program Files/Unity/Hub/Editor/Unity 2023.2.0b4/Editor/Data/MonoBleedingEdge/etc'
Using monoOptions --debugger-agent=transport=dt_socket,embedding=1,server=y,suspend=n,address=127.0.0.1:56032
Begin MonoManager ReloadAssembly
Registering precompiled unity dll's ...
Register platform support module: C:/Program Files/Unity/Hub/Editor/Unity 2023.2.0b4/Editor/Data/PlaybackEngines/WindowsStandaloneSupport/UnityEditor.WindowsStandalone.Extensions.dll
Registered in 0.003908 seconds.
- Loaded All Assemblies, in  0.436 seconds
Native extension for WindowsStandalone target not found
Mono: successfully reloaded assembly
- Finished resetting the current domain, in  0.276 seconds
Domain Reload Profiling: 709ms
	BeginReloadAssembly (151ms)
		ExecutionOrderSort (0ms)
		DisableScriptedObjects (0ms)
		BackupInstance (0ms)
		ReleaseScriptingObjects (0ms)
		CreateAndSetChildDomain (1ms)
	RebuildCommonClasses (54ms)
	RebuildNativeTypeToScriptingClass (17ms)
	initialDomainReloadingComplete (54ms)
	LoadAllAssembliesAndSetupDomain (157ms)
		LoadAssemblies (148ms)
		RebuildTransferFunctionScriptingTraits (0ms)
		AnalyzeDomain (154ms)
			TypeCache.Refresh (153ms)
				TypeCache.ScanAssembly (140ms)
			BuildScriptInfoCaches (0ms)
			ResolveRequiredComponents (0ms)
	FinalizeReload (276ms)
		ReleaseScriptCaches (0ms)
		RebuildScriptCaches (0ms)
		SetupLoadedEditorAssemblies (211ms)
			LogAssemblyErrors (0ms)
			InitializePlatformSupportModulesInManaged (9ms)
			SetLoadedEditorAssemblies (4ms)
			BeforeProcessingInitializeOnLoad (6ms)
			ProcessInitializeOnLoadAttributes (148ms)
			ProcessInitializeOnLoadMethodAttributes (44ms)
			AfterProcessingInitializeOnLoad (0ms)
			EditorAssembliesLoaded (0ms)
		ExecutionOrderSort2 (0ms)
		AwakeInstancesAfterBackupRestoration (0ms)
========================================================================
Worker process is ready to serve import requests
Import Worker Mode flag is 0x00
Begin MonoManager ReloadAssembly
- Loaded All Assemblies, in  0.862 seconds
Refreshing native plugins compatible for Editor in 1.13 ms, found 3 plugins.
Native extension for WindowsStandalone target not found
DisplayProgressbar: Generating Metadata
Mono: successfully reloaded assembly
- Finished resetting the current domain, in  1.309 seconds
Domain Reload Profiling: 2167ms
	BeginReloadAssembly (331ms)
		ExecutionOrderSort (0ms)
		DisableScriptedObjects (5ms)
		BackupInstance (0ms)
		ReleaseScriptingObjects (0ms)
		CreateAndSetChildDomain (28ms)
	RebuildCommonClasses (39ms)
	RebuildNativeTypeToScriptingClass (14ms)
	initialDomainReloadingComplete (40ms)
	LoadAllAssembliesAndSetupDomain (433ms)
		LoadAssemblies (334ms)
		RebuildTransferFunctionScriptingTraits (0ms)
		AnalyzeDomain (204ms)
			TypeCache.Refresh (168ms)
				TypeCache.ScanAssembly (155ms)
			BuildScriptInfoCaches (22ms)
			ResolveRequiredComponents (7ms)
	FinalizeReload (1310ms)
		ReleaseScriptCaches (0ms)
		RebuildScriptCaches (0ms)
		SetupLoadedEditorAssemblies (1130ms)
			LogAssemblyErrors (0ms)
			InitializePlatformSupportModulesInManaged (2ms)
			SetLoadedEditorAssemblies (4ms)
			BeforeProcessingInitializeOnLoad (49ms)
			ProcessInitializeOnLoadAttributes (397ms)
			ProcessInitializeOnLoadMethodAttributes (670ms)
			AfterProcessingInitializeOnLoad (8ms)
			EditorAssembliesLoaded (0ms)
		ExecutionOrderSort2 (0ms)
		AwakeInstancesAfterBackupRestoration (5ms)
Launched and connected shader compiler UnityShaderCompiler.exe after 0.01 seconds
Refreshing native plugins compatible for Editor in 1.24 ms, found 3 plugins.
Preloading 0 native plugins for Editor in 0.00 ms.
Unloading 48 Unused Serialized files (Serialized files now loaded: 0)
Unloading 3970 unused Assets / (1.0 MB). Loaded Objects now: 4545.
Memory consumption went from 120.8 MB to 119.8 MB.
Total: 6.010100 ms (FindLiveObjects: 0.521900 ms CreateObjectMapping: 0.191900 ms MarkObjects: 4.328900 ms  DeleteObjects: 0.966500 ms)

07/11/2024 07:51:03 p. m.|Error|<>c__DisplayClass70_0.<receiveRequest>b__0|A timeout has occurred while reading an HTTP request/response.
========================================================================
Received Prepare
Begin MonoManager ReloadAssembly
07/11/2024 07:52:05 p. m.|Fatal|WebSocketServer.receiveRequest|Thread was being aborted.
- Loaded All Assemblies, in  0.723 seconds
Refreshing native plugins compatible for Editor in 1.17 ms, found 3 plugins.
Native extension for WindowsStandalone target not found
System.Reflection.TargetInvocationException: Exception has been thrown by the target of an invocation. ---> System.InvalidOperationException: The underlying listener has failed to start. ---> System.Net.Sockets.SocketException: Solo se permite un uso de cada dirección de socket (protocolo/dirección de red/puerto)
UnityEngine.Debug:ExtractStackTraceNoAlloc (byte*,int,string)
UnityEngine.StackTraceUtility:ExtractStackTrace ()
UnityEngine.DebugLogHandler:Internal_Log (UnityEngine.LogType,UnityEngine.LogOption,string,UnityEngine.Object)
UnityEngine.DebugLogHandler:LogFormat (UnityEngine.LogType,UnityEngine.Object,string,object[])
UnityEngine.Logger:Log (UnityEngine.LogType,object)
UnityEngine.Debug:LogError (object)
UnityEditor.EditorAssemblies:ProcessInitializeOnLoadMethodAttributes ()

Mono: successfully reloaded assembly
- Finished resetting the current domain, in  1.261 seconds
Domain Reload Profiling: 1980ms
	BeginReloadAssembly (209ms)
		ExecutionOrderSort (0ms)
		DisableScriptedObjects (5ms)
		BackupInstance (0ms)
		ReleaseScriptingObjects (0ms)
		CreateAndSetChildDomain (53ms)
	RebuildCommonClasses (45ms)
	RebuildNativeTypeToScriptingClass (15ms)
	initialDomainReloadingComplete (31ms)
	LoadAllAssembliesAndSetupDomain (418ms)
		LoadAssemblies (347ms)
		RebuildTransferFunctionScriptingTraits (0ms)
		AnalyzeDomain (178ms)
			TypeCache.Refresh (7ms)
				TypeCache.ScanAssembly (0ms)
			BuildScriptInfoCaches (25ms)
			ResolveRequiredComponents (7ms)
	FinalizeReload (1262ms)
		ReleaseScriptCaches (0ms)
		RebuildScriptCaches (0ms)
		SetupLoadedEditorAssemblies (1062ms)
			LogAssemblyErrors (0ms)
			InitializePlatformSupportModulesInManaged (3ms)
			SetLoadedEditorAssemblies (5ms)
			BeforeProcessingInitializeOnLoad (55ms)
			ProcessInitializeOnLoadAttributes (382ms)
			ProcessInitializeOnLoadMethodAttributes (608ms)
			AfterProcessingInitializeOnLoad (9ms)
			EditorAssembliesLoaded (0ms)
		ExecutionOrderSort2 (0ms)
		AwakeInstancesAfterBackupRestoration (6ms)
Refreshing native plugins compatible for Editor in 1.41 ms, found 3 plugins.
Preloading 0 native plugins for Editor in 0.00 ms.
Unloading 5 Unused Serialized files (Serialized files now loaded: 0)
Unloading 3962 unused Assets / (1.1 MB). Loaded Objects now: 4546.
Memory consumption went from 112.5 MB to 111.4 MB.
Total: 6.132100 ms (FindLiveObjects: 0.597600 ms CreateObjectMapping: 0.183300 ms MarkObjects: 4.210900 ms  DeleteObjects: 1.139000 ms)

Prepare: number of updated asset objects reloaded= 0
========================================================================
Received Prepare
Begin MonoManager ReloadAssembly
- Loaded All Assemblies, in  0.722 seconds
Refreshing native plugins compatible for Editor in 1.14 ms, found 3 plugins.
Native extension for WindowsStandalone target not found
System.Reflection.TargetInvocationException: Exception has been thrown by the target of an invocation. ---> System.InvalidOperationException: The underlying listener has failed to start. ---> System.Net.Sockets.SocketException: Solo se permite un uso de cada dirección de socket (protocolo/dirección de red/puerto)
UnityEngine.Debug:ExtractStackTraceNoAlloc (byte*,int,string)
UnityEngine.StackTraceUtility:ExtractStackTrace ()
UnityEngine.DebugLogHandler:Internal_Log (UnityEngine.LogType,UnityEngine.LogOption,string,UnityEngine.Object)
UnityEngine.DebugLogHandler:LogFormat (UnityEngine.LogType,UnityEngine.Object,string,object[])
UnityEngine.Logger:Log (UnityEngine.LogType,object)
UnityEngine.Debug:LogError (object)
UnityEditor.EditorAssemblies:ProcessInitializeOnLoadMethodAttributes ()

Mono: successfully reloaded assembly
- Finished resetting the current domain, in  1.302 seconds
Domain Reload Profiling: 2021ms
	BeginReloadAssembly (204ms)
		ExecutionOrderSort (0ms)
		DisableScriptedObjects (5ms)
		BackupInstance (0ms)
		ReleaseScriptingObjects (0ms)
		CreateAndSetChildDomain (47ms)
	RebuildCommonClasses (44ms)
	RebuildNativeTypeToScriptingClass (15ms)
	initialDomainReloadingComplete (31ms)
	LoadAllAssembliesAndSetupDomain (426ms)
		LoadAssemblies (347ms)
		RebuildTransferFunctionScriptingTraits (0ms)
		AnalyzeDomain (189ms)
			TypeCache.Refresh (7ms)
				TypeCache.ScanAssembly (0ms)
			BuildScriptInfoCaches (32ms)
			ResolveRequiredComponents (7ms)
	FinalizeReload (1302ms)
		ReleaseScriptCaches (0ms)
		RebuildScriptCaches (0ms)
		SetupLoadedEditorAssemblies (1098ms)
			LogAssemblyErrors (0ms)
			InitializePlatformSupportModulesInManaged (2ms)
			SetLoadedEditorAssemblies (4ms)
			BeforeProcessingInitializeOnLoad (60ms)
			ProcessInitializeOnLoadAttributes (409ms)
			ProcessInitializeOnLoadMethodAttributes (614ms)
			AfterProcessingInitializeOnLoad (8ms)
			EditorAssembliesLoaded (0ms)
		ExecutionOrderSort2 (0ms)
		AwakeInstancesAfterBackupRestoration (6ms)
Refreshing native plugins compatible for Editor in 1.21 ms, found 3 plugins.
Preloading 0 native plugins for Editor in 0.00 ms.
Unloading 5 Unused Serialized files (Serialized files now loaded: 0)
Unloading 3962 unused Assets / (0.8 MB). Loaded Objects now: 4547.
Memory consumption went from 112.5 MB to 111.7 MB.
Total: 6.285100 ms (FindLiveObjects: 0.564900 ms CreateObjectMapping: 0.197000 ms MarkObjects: 4.591200 ms  DeleteObjects: 0.931300 ms)

Prepare: number of updated asset objects reloaded= 0
========================================================================
Received Import Request.
  Time since last request: 270151.641034 seconds.
  path: Assets/TextMesh Pro/Examples & Extras/Textures/Wipe Pattern - Radial Double.psd
  artifactKey: Guid(7631f4eff8f74ed38eb3eb9db17134e1) Importer(815301076,1909f56bfc062723c751e8b465ee728b)
Start importing Assets/TextMesh Pro/Examples & Extras/Textures/Wipe Pattern - Radial Double.psd using Guid(7631f4eff8f74ed38eb3eb9db17134e1) Importer(815301076,1909f56bfc062723c751e8b465ee728b) (PreviewImporter) -> (artifact id: '31c69c7f4aee43a0e0faf5d70421f557') in 0.0621288 seconds
Number of updated asset objects reloaded before import = 0Number of asset objects unloaded after import = 2

========================================================================
Received Prepare
Begin MonoManager ReloadAssembly
- Loaded All Assemblies, in  0.727 seconds
Refreshing native plugins compatible for Editor in 1.58 ms, found 3 plugins.
Native extension for WindowsStandalone target not found
Mono: successfully reloaded assembly
- Finished resetting the current domain, in  1.274 seconds
Domain Reload Profiling: 1997ms
	BeginReloadAssembly (210ms)
		ExecutionOrderSort (0ms)
		DisableScriptedObjects (5ms)
		BackupInstance (0ms)
		ReleaseScriptingObjects (0ms)
		CreateAndSetChildDomain (49ms)
	RebuildCommonClasses (50ms)
	RebuildNativeTypeToScriptingClass (15ms)
	initialDomainReloadingComplete (30ms)
	LoadAllAssembliesAndSetupDomain (417ms)
		LoadAssemblies (352ms)
		RebuildTransferFunctionScriptingTraits (0ms)
		AnalyzeDomain (180ms)
			TypeCache.Refresh (6ms)
				TypeCache.ScanAssembly (0ms)
			BuildScriptInfoCaches (31ms)
			ResolveRequiredComponents (9ms)
	FinalizeReload (1274ms)
		ReleaseScriptCaches (0ms)
		RebuildScriptCaches (0ms)
		SetupLoadedEditorAssemblies (1078ms)
			LogAssemblyErrors (0ms)
			InitializePlatformSupportModulesInManaged (2ms)
			SetLoadedEditorAssemblies (5ms)
			BeforeProcessingInitializeOnLoad (54ms)
			ProcessInitializeOnLoadAttributes (406ms)
			ProcessInitializeOnLoadMethodAttributes (602ms)
			AfterProcessingInitializeOnLoad (8ms)
			EditorAssembliesLoaded (0ms)
		ExecutionOrderSort2 (0ms)
		AwakeInstancesAfterBackupRestoration (6ms)
Refreshing native plugins compatible for Editor in 1.25 ms, found 3 plugins.
Preloading 0 native plugins for Editor in 0.00 ms.
Unloading 5 Unused Serialized files (Serialized files now loaded: 0)
Unloading 3962 unused Assets / (1.1 MB). Loaded Objects now: 4553.
Memory consumption went from 113.1 MB to 112.0 MB.
Total: 6.619300 ms (FindLiveObjects: 0.596500 ms CreateObjectMapping: 0.183000 ms MarkObjects: 4.563600 ms  DeleteObjects: 1.274700 ms)

Prepare: number of updated asset objects reloaded= 0
07/11/2024 08:01:07 p. m.|Error|<>c__DisplayClass70_0.<receiveRequest>b__0|A timeout has occurred while reading an HTTP request/response.
07/11/2024 08:01:07 p. m.|Error|<>c__DisplayClass70_0.<receiveRequest>b__0|A timeout has occurred while reading an HTTP request/response.
========================================================================
Received Prepare
Begin MonoManager ReloadAssembly
07/11/2024 08:01:26 p. m.|Fatal|WebSocketServer.receiveRequest|Thread was being aborted.
- Loaded All Assemblies, in  0.751 seconds
Refreshing native plugins compatible for Editor in 1.10 ms, found 3 plugins.
Native extension for WindowsStandalone target not found
Mono: successfully reloaded assembly
- Finished resetting the current domain, in  1.330 seconds
Domain Reload Profiling: 2076ms
	BeginReloadAssembly (210ms)
		ExecutionOrderSort (0ms)
		DisableScriptedObjects (4ms)
		BackupInstance (0ms)
		ReleaseScriptingObjects (0ms)
		CreateAndSetChildDomain (51ms)
	RebuildCommonClasses (46ms)
	RebuildNativeTypeToScriptingClass (20ms)
	initialDomainReloadingComplete (33ms)
	LoadAllAssembliesAndSetupDomain (437ms)
		LoadAssemblies (368ms)
		RebuildTransferFunctionScriptingTraits (0ms)
		AnalyzeDomain (184ms)
			TypeCache.Refresh (6ms)
				TypeCache.ScanAssembly (0ms)
			BuildScriptInfoCaches (33ms)
			ResolveRequiredComponents (7ms)
	FinalizeReload (1330ms)
		ReleaseScriptCaches (0ms)
		RebuildScriptCaches (0ms)
		SetupLoadedEditorAssemblies (1124ms)
			LogAssemblyErrors (0ms)
			InitializePlatformSupportModulesInManaged (3ms)
			SetLoadedEditorAssemblies (14ms)
			BeforeProcessingInitializeOnLoad (79ms)
			ProcessInitializeOnLoadAttributes (404ms)
			ProcessInitializeOnLoadMethodAttributes (616ms)
			AfterProcessingInitializeOnLoad (9ms)
			EditorAssembliesLoaded (0ms)
		ExecutionOrderSort2 (0ms)
		AwakeInstancesAfterBackupRestoration (6ms)
Refreshing native plugins compatible for Editor in 1.72 ms, found 3 plugins.
Preloading 0 native plugins for Editor in 0.00 ms.
Unloading 5 Unused Serialized files (Serialized files now loaded: 0)
Unloading 3962 unused Assets / (1.1 MB). Loaded Objects now: 4554.
Memory consumption went from 113.1 MB to 112.0 MB.
Total: 6.504300 ms (FindLiveObjects: 0.630800 ms CreateObjectMapping: 0.212300 ms MarkObjects: 4.442700 ms  DeleteObjects: 1.217200 ms)

Prepare: number of updated asset objects reloaded= 0
07/11/2024 08:02:58 p. m.|Error|<>c__DisplayClass70_0.<receiveRequest>b__0|A timeout has occurred while reading an HTTP request/response.
07/11/2024 08:02:58 p. m.|Error|<>c__DisplayClass70_0.<receiveRequest>b__0|A timeout has occurred while reading an HTTP request/response.
========================================================================
Received Prepare
Begin MonoManager ReloadAssembly
07/11/2024 08:04:27 p. m.|Fatal|WebSocketServer.receiveRequest|Thread was being aborted.
- Loaded All Assemblies, in  0.741 seconds
Refreshing native plugins compatible for Editor in 1.58 ms, found 3 plugins.
Native extension for WindowsStandalone target not found
System.Reflection.TargetInvocationException: Exception has been thrown by the target of an invocation. ---> System.InvalidOperationException: The underlying listener has failed to start. ---> System.Net.Sockets.SocketException: Solo se permite un uso de cada dirección de socket (protocolo/dirección de red/puerto)
UnityEngine.Debug:ExtractStackTraceNoAlloc (byte*,int,string)
UnityEngine.StackTraceUtility:ExtractStackTrace ()
UnityEngine.DebugLogHandler:Internal_Log (UnityEngine.LogType,UnityEngine.LogOption,string,UnityEngine.Object)
UnityEngine.DebugLogHandler:LogFormat (UnityEngine.LogType,UnityEngine.Object,string,object[])
UnityEngine.Logger:Log (UnityEngine.LogType,object)
UnityEngine.Debug:LogError (object)
UnityEditor.EditorAssemblies:ProcessInitializeOnLoadMethodAttributes ()

Mono: successfully reloaded assembly
- Finished resetting the current domain, in  1.303 seconds
Domain Reload Profiling: 2040ms
	BeginReloadAssembly (205ms)
		ExecutionOrderSort (0ms)
		DisableScriptedObjects (4ms)
		BackupInstance (0ms)
		ReleaseScriptingObjects (0ms)
		CreateAndSetChildDomain (51ms)
	RebuildCommonClasses (42ms)
	RebuildNativeTypeToScriptingClass (15ms)
	initialDomainReloadingComplete (31ms)
	LoadAllAssembliesAndSetupDomain (444ms)
		LoadAssemblies (355ms)
		RebuildTransferFunctionScriptingTraits (0ms)
		AnalyzeDomain (196ms)
			TypeCache.Refresh (7ms)
				TypeCache.ScanAssembly (0ms)
			BuildScriptInfoCaches (32ms)
			ResolveRequiredComponents (7ms)
	FinalizeReload (1303ms)
		ReleaseScriptCaches (0ms)
		RebuildScriptCaches (0ms)
		SetupLoadedEditorAssemblies (1107ms)
			LogAssemblyErrors (0ms)
			InitializePlatformSupportModulesInManaged (2ms)
			SetLoadedEditorAssemblies (4ms)
			BeforeProcessingInitializeOnLoad (70ms)
			ProcessInitializeOnLoadAttributes (399ms)
			ProcessInitializeOnLoadMethodAttributes (623ms)
			AfterProcessingInitializeOnLoad (8ms)
			EditorAssembliesLoaded (0ms)
		ExecutionOrderSort2 (0ms)
		AwakeInstancesAfterBackupRestoration (6ms)
Refreshing native plugins compatible for Editor in 1.40 ms, found 3 plugins.
Preloading 0 native plugins for Editor in 0.00 ms.
Unloading 5 Unused Serialized files (Serialized files now loaded: 0)
Unloading 3962 unused Assets / (0.8 MB). Loaded Objects now: 4555.
Memory consumption went from 113.1 MB to 112.3 MB.
Total: 6.142700 ms (FindLiveObjects: 0.550700 ms CreateObjectMapping: 0.200000 ms MarkObjects: 4.369500 ms  DeleteObjects: 1.021400 ms)

Prepare: number of updated asset objects reloaded= 0
========================================================================
Received Prepare
Begin MonoManager ReloadAssembly
- Loaded All Assemblies, in  0.728 seconds
Refreshing native plugins compatible for Editor in 1.25 ms, found 3 plugins.
Native extension for WindowsStandalone target not found
Mono: successfully reloaded assembly
- Finished resetting the current domain, in  1.298 seconds
Domain Reload Profiling: 2022ms
	BeginReloadAssembly (204ms)
		ExecutionOrderSort (0ms)
		DisableScriptedObjects (4ms)
		BackupInstance (0ms)
		ReleaseScriptingObjects (0ms)
		CreateAndSetChildDomain (48ms)
	RebuildCommonClasses (44ms)
	RebuildNativeTypeToScriptingClass (17ms)
	initialDomainReloadingComplete (32ms)
	LoadAllAssembliesAndSetupDomain (427ms)
		LoadAssemblies (352ms)
		RebuildTransferFunctionScriptingTraits (0ms)
		AnalyzeDomain (184ms)
			TypeCache.Refresh (6ms)
				TypeCache.ScanAssembly (0ms)
			BuildScriptInfoCaches (31ms)
			ResolveRequiredComponents (7ms)
	FinalizeReload (1298ms)
		ReleaseScriptCaches (0ms)
		RebuildScriptCaches (0ms)
		SetupLoadedEditorAssemblies (1100ms)
			LogAssemblyErrors (0ms)
			InitializePlatformSupportModulesInManaged (3ms)
			SetLoadedEditorAssemblies (5ms)
			BeforeProcessingInitializeOnLoad (73ms)
			ProcessInitializeOnLoadAttributes (400ms)
			ProcessInitializeOnLoadMethodAttributes (610ms)
			AfterProcessingInitializeOnLoad (9ms)
			EditorAssembliesLoaded (0ms)
		ExecutionOrderSort2 (0ms)
		AwakeInstancesAfterBackupRestoration (7ms)
Refreshing native plugins compatible for Editor in 1.57 ms, found 3 plugins.
Preloading 0 native plugins for Editor in 0.00 ms.
Unloading 5 Unused Serialized files (Serialized files now loaded: 0)
Unloading 3962 unused Assets / (0.8 MB). Loaded Objects now: 4556.
Memory consumption went from 113.1 MB to 112.3 MB.
Total: 6.010400 ms (FindLiveObjects: 0.650100 ms CreateObjectMapping: 0.210000 ms MarkObjects: 4.130200 ms  DeleteObjects: 1.018800 ms)

Prepare: number of updated asset objects reloaded= 0
07/11/2024 08:07:33 p. m.|Error|<>c__DisplayClass70_0.<receiveRequest>b__0|A timeout has occurred while reading an HTTP request/response.
07/11/2024 08:07:33 p. m.|Error|<>c__DisplayClass70_0.<receiveRequest>b__0|A timeout has occurred while reading an HTTP request/response.
========================================================================
Received Prepare
Begin MonoManager ReloadAssembly
07/11/2024 08:20:01 p. m.|Fatal|WebSocketServer.receiveRequest|Thread was being aborted.
- Loaded All Assemblies, in  0.715 seconds
Refreshing native plugins compatible for Editor in 1.15 ms, found 3 plugins.
Native extension for WindowsStandalone target not found
System.Reflection.TargetInvocationException: Exception has been thrown by the target of an invocation. ---> System.InvalidOperationException: The underlying listener has failed to start. ---> System.Net.Sockets.SocketException: Solo se permite un uso de cada dirección de socket (protocolo/dirección de red/puerto)
UnityEngine.Debug:ExtractStackTraceNoAlloc (byte*,int,string)
UnityEngine.StackTraceUtility:ExtractStackTrace ()
UnityEngine.DebugLogHandler:Internal_Log (UnityEngine.LogType,UnityEngine.LogOption,string,UnityEngine.Object)
UnityEngine.DebugLogHandler:LogFormat (UnityEngine.LogType,UnityEngine.Object,string,object[])
UnityEngine.Logger:Log (UnityEngine.LogType,object)
UnityEngine.Debug:LogError (object)
UnityEditor.EditorAssemblies:ProcessInitializeOnLoadMethodAttributes ()

Mono: successfully reloaded assembly
- Finished resetting the current domain, in  1.314 seconds
Domain Reload Profiling: 2026ms
	BeginReloadAssembly (204ms)
		ExecutionOrderSort (0ms)
		DisableScriptedObjects (5ms)
		BackupInstance (0ms)
		ReleaseScriptingObjects (0ms)
		CreateAndSetChildDomain (48ms)
	RebuildCommonClasses (44ms)
	RebuildNativeTypeToScriptingClass (14ms)
	initialDomainReloadingComplete (30ms)
	LoadAllAssembliesAndSetupDomain (419ms)
		LoadAssemblies (347ms)
		RebuildTransferFunctionScriptingTraits (0ms)
		AnalyzeDomain (184ms)
			TypeCache.Refresh (6ms)
				TypeCache.ScanAssembly (0ms)
			BuildScriptInfoCaches (35ms)
			ResolveRequiredComponents (7ms)
	FinalizeReload (1314ms)
		ReleaseScriptCaches (0ms)
		RebuildScriptCaches (0ms)
		SetupLoadedEditorAssemblies (1115ms)
			LogAssemblyErrors (0ms)
			InitializePlatformSupportModulesInManaged (2ms)
			SetLoadedEditorAssemblies (5ms)
			BeforeProcessingInitializeOnLoad (53ms)
			ProcessInitializeOnLoadAttributes (426ms)
			ProcessInitializeOnLoadMethodAttributes (619ms)
			AfterProcessingInitializeOnLoad (9ms)
			EditorAssembliesLoaded (0ms)
		ExecutionOrderSort2 (0ms)
		AwakeInstancesAfterBackupRestoration (6ms)
Refreshing native plugins compatible for Editor in 1.15 ms, found 3 plugins.
Preloading 0 native plugins for Editor in 0.00 ms.
Unloading 5 Unused Serialized files (Serialized files now loaded: 0)
Unloading 3962 unused Assets / (0.8 MB). Loaded Objects now: 4557.
Memory consumption went from 113.1 MB to 112.3 MB.
Total: 5.561000 ms (FindLiveObjects: 0.538700 ms CreateObjectMapping: 0.198600 ms MarkObjects: 3.952600 ms  DeleteObjects: 0.870500 ms)

Prepare: number of updated asset objects reloaded= 0
========================================================================
Received Import Request.
  Time since last request: 2094.839630 seconds.
  path: Assets/Naninovel/Prefabs/DefaultUI/ConfirmationUI.prefab
  artifactKey: Guid(88d03f19bcbff914ba33a7c9895e2d7c) Importer(815301076,1909f56bfc062723c751e8b465ee728b)
Start importing Assets/Naninovel/Prefabs/DefaultUI/ConfirmationUI.prefab using Guid(88d03f19bcbff914ba33a7c9895e2d7c) Importer(815301076,1909f56bfc062723c751e8b465ee728b) (PreviewImporter) -> (artifact id: 'e59937737313b7be8e36e29475ad2e1f') in 0.0550088 seconds
Number of updated asset objects reloaded before import = 0Number of asset objects unloaded after import = 62

========================================================================
Received Import Request.
  Time since last request: 0.000019 seconds.
  path: Assets/Naninovel/Prefabs/DefaultUI/TipsUI.prefab
  artifactKey: Guid(f5aae572225ee1b4c96d1a17fc5cb073) Importer(815301076,1909f56bfc062723c751e8b465ee728b)
Start importing Assets/Naninovel/Prefabs/DefaultUI/TipsUI.prefab using Guid(f5aae572225ee1b4c96d1a17fc5cb073) Importer(815301076,1909f56bfc062723c751e8b465ee728b) (PreviewImporter) -> (artifact id: '3374f7006936642cb859b8f731bc554b') in 0.0107505 seconds
Number of updated asset objects reloaded before import = 0Number of asset objects unloaded after import = 120

========================================================================
Received Prepare
Begin MonoManager ReloadAssembly
- Loaded All Assemblies, in  0.776 seconds
Refreshing native plugins compatible for Editor in 1.13 ms, found 3 plugins.
Native extension for WindowsStandalone target not found
Mono: successfully reloaded assembly
- Finished resetting the current domain, in  1.268 seconds
Domain Reload Profiling: 2041ms
	BeginReloadAssembly (210ms)
		ExecutionOrderSort (0ms)
		DisableScriptedObjects (4ms)
		BackupInstance (0ms)
		ReleaseScriptingObjects (0ms)
		CreateAndSetChildDomain (50ms)
	RebuildCommonClasses (43ms)
	RebuildNativeTypeToScriptingClass (15ms)
	initialDomainReloadingComplete (33ms)
	LoadAllAssembliesAndSetupDomain (471ms)
		LoadAssemblies (409ms)
		RebuildTransferFunctionScriptingTraits (0ms)
		AnalyzeDomain (179ms)
			TypeCache.Refresh (7ms)
				TypeCache.ScanAssembly (0ms)
			BuildScriptInfoCaches (33ms)
			ResolveRequiredComponents (7ms)
	FinalizeReload (1268ms)
		ReleaseScriptCaches (0ms)
		RebuildScriptCaches (0ms)
		SetupLoadedEditorAssemblies (1067ms)
			LogAssemblyErrors (0ms)
			InitializePlatformSupportModulesInManaged (2ms)
			SetLoadedEditorAssemblies (4ms)
			BeforeProcessingInitializeOnLoad (53ms)
			ProcessInitializeOnLoadAttributes (391ms)
			ProcessInitializeOnLoadMethodAttributes (606ms)
			AfterProcessingInitializeOnLoad (10ms)
			EditorAssembliesLoaded (0ms)
		ExecutionOrderSort2 (0ms)
		AwakeInstancesAfterBackupRestoration (8ms)
Refreshing native plugins compatible for Editor in 1.22 ms, found 3 plugins.
Preloading 0 native plugins for Editor in 0.00 ms.
Unloading 5 Unused Serialized files (Serialized files now loaded: 0)
Unloading 3963 unused Assets / (0.8 MB). Loaded Objects now: 4558.
Memory consumption went from 113.2 MB to 112.4 MB.
Total: 6.549800 ms (FindLiveObjects: 0.525300 ms CreateObjectMapping: 0.190700 ms MarkObjects: 4.776200 ms  DeleteObjects: 1.056700 ms)

Prepare: number of updated asset objects reloaded= 0
07/11/2024 08:48:02 p. m.|Error|<>c__DisplayClass70_0.<receiveRequest>b__0|A timeout has occurred while reading an HTTP request/response.
07/11/2024 08:48:03 p. m.|Error|<>c__DisplayClass70_0.<receiveRequest>b__0|A timeout has occurred while reading an HTTP request/response.
========================================================================
Received Import Request.
  Time since last request: 1929.648558 seconds.
  path: Assets/Naninovel/Prefabs/TextPrinters/Dialogue 1.prefab
  artifactKey: Guid(e18e16c45a1831b44a41e4b38c577533) Importer(815301076,1909f56bfc062723c751e8b465ee728b)
Start importing Assets/Naninovel/Prefabs/TextPrinters/Dialogue 1.prefab using Guid(e18e16c45a1831b44a41e4b38c577533) Importer(815301076,1909f56bfc062723c751e8b465ee728b) (PreviewImporter) -> (artifact id: '0cb2348f8867e12b29c4d9aa05bbf3a8') in 0.1371229 seconds
Number of updated asset objects reloaded before import = 0Number of asset objects unloaded after import = 354

========================================================================
Received Import Request.
  Time since last request: 0.665645 seconds.
  path: Assets/Naninovel/Prefabs/TextPrinters/Dialogue 1.prefab
  artifactKey: Guid(e18e16c45a1831b44a41e4b38c577533) Importer(815301076,1909f56bfc062723c751e8b465ee728b)
Start importing Assets/Naninovel/Prefabs/TextPrinters/Dialogue 1.prefab using Guid(e18e16c45a1831b44a41e4b38c577533) Importer(815301076,1909f56bfc062723c751e8b465ee728b) (PreviewImporter) -> (artifact id: 'd4c592ac2582d928e8186646bb2d133c') in 0.0224721 seconds
Number of updated asset objects reloaded before import = 0Number of asset objects unloaded after import = 354

========================================================================
Received Import Request.
  Time since last request: 31.474397 seconds.
  path: Assets/Naninovel/Prefabs/TextPrinters/Dialogue 1.prefab
  artifactKey: Guid(e18e16c45a1831b44a41e4b38c577533) Importer(815301076,1909f56bfc062723c751e8b465ee728b)
Start importing Assets/Naninovel/Prefabs/TextPrinters/Dialogue 1.prefab using Guid(e18e16c45a1831b44a41e4b38c577533) Importer(815301076,1909f56bfc062723c751e8b465ee728b) (PreviewImporter) -> (artifact id: 'b9d2cef415043d55caff3242eaaef7aa') in 0.0216763 seconds
Number of updated asset objects reloaded before import = 0Number of asset objects unloaded after import = 354

========================================================================
Received Import Request.
  Time since last request: 24.808087 seconds.
  path: Assets/Naninovel/Prefabs/TextPrinters/Dialogue 1.prefab
  artifactKey: Guid(e18e16c45a1831b44a41e4b38c577533) Importer(815301076,1909f56bfc062723c751e8b465ee728b)
Start importing Assets/Naninovel/Prefabs/TextPrinters/Dialogue 1.prefab using Guid(e18e16c45a1831b44a41e4b38c577533) Importer(815301076,1909f56bfc062723c751e8b465ee728b) (PreviewImporter) -> (artifact id: 'a998d60c1ca9df263fea565b37f95061') in 0.0202967 seconds
Number of updated asset objects reloaded before import = 0Number of asset objects unloaded after import = 362

========================================================================
Received Import Request.
  Time since last request: 6.231091 seconds.
  path: Assets/Naninovel/Prefabs/TextPrinters/Dialogue 1.prefab
  artifactKey: Guid(e18e16c45a1831b44a41e4b38c577533) Importer(815301076,1909f56bfc062723c751e8b465ee728b)
Start importing Assets/Naninovel/Prefabs/TextPrinters/Dialogue 1.prefab using Guid(e18e16c45a1831b44a41e4b38c577533) Importer(815301076,1909f56bfc062723c751e8b465ee728b) (PreviewImporter) -> (artifact id: 'f591256ab5137ddf63c14626b6d53a22') in 0.0191037 seconds
Number of updated asset objects reloaded before import = 0Number of asset objects unloaded after import = 362

========================================================================
Received Import Request.
  Time since last request: 14.877198 seconds.
  path: Assets/Naninovel/Prefabs/TextPrinters/Dialogue 1.prefab
  artifactKey: Guid(e18e16c45a1831b44a41e4b38c577533) Importer(815301076,1909f56bfc062723c751e8b465ee728b)
Start importing Assets/Naninovel/Prefabs/TextPrinters/Dialogue 1.prefab using Guid(e18e16c45a1831b44a41e4b38c577533) Importer(815301076,1909f56bfc062723c751e8b465ee728b) (PreviewImporter) -> (artifact id: '21d056567b8fb30d0bf40f696b5e18ad') in 0.0205124 seconds
Number of updated asset objects reloaded before import = 0Number of asset objects unloaded after import = 362

========================================================================
Received Import Request.
  Time since last request: 13.882630 seconds.
  path: Assets/Naninovel/Prefabs/TextPrinters/Dialogue 1.prefab
  artifactKey: Guid(e18e16c45a1831b44a41e4b38c577533) Importer(815301076,1909f56bfc062723c751e8b465ee728b)
Start importing Assets/Naninovel/Prefabs/TextPrinters/Dialogue 1.prefab using Guid(e18e16c45a1831b44a41e4b38c577533) Importer(815301076,1909f56bfc062723c751e8b465ee728b) (PreviewImporter) -> (artifact id: 'd24b776642831d0d103628fce2fd2d99') in 0.0193568 seconds
Number of updated asset objects reloaded before import = 0Number of asset objects unloaded after import = 362

========================================================================
Received Import Request.
  Time since last request: 11.866099 seconds.
  path: Assets/Naninovel/Prefabs/TextPrinters/Dialogue 1.prefab
  artifactKey: Guid(e18e16c45a1831b44a41e4b38c577533) Importer(815301076,1909f56bfc062723c751e8b465ee728b)
Start importing Assets/Naninovel/Prefabs/TextPrinters/Dialogue 1.prefab using Guid(e18e16c45a1831b44a41e4b38c577533) Importer(815301076,1909f56bfc062723c751e8b465ee728b) (PreviewImporter) -> (artifact id: '2fff471e7f232f2b75bfbcfd0fa3e1ca') in 0.0226706 seconds
Number of updated asset objects reloaded before import = 0Number of asset objects unloaded after import = 362

========================================================================
Received Import Request.
  Time since last request: 6.567945 seconds.
  path: Assets/Naninovel/Prefabs/TextPrinters/Dialogue 1.prefab
  artifactKey: Guid(e18e16c45a1831b44a41e4b38c577533) Importer(815301076,1909f56bfc062723c751e8b465ee728b)
Start importing Assets/Naninovel/Prefabs/TextPrinters/Dialogue 1.prefab using Guid(e18e16c45a1831b44a41e4b38c577533) Importer(815301076,1909f56bfc062723c751e8b465ee728b) (PreviewImporter) -> (artifact id: 'd317845836dbf556658c29d1c341d891') in 0.0197298 seconds
Number of updated asset objects reloaded before import = 0Number of asset objects unloaded after import = 362

========================================================================
Received Import Request.
  Time since last request: 27.699068 seconds.
  path: Assets/Naninovel/Prefabs/TextPrinters/Dialogue 1.prefab
  artifactKey: Guid(e18e16c45a1831b44a41e4b38c577533) Importer(815301076,1909f56bfc062723c751e8b465ee728b)
Start importing Assets/Naninovel/Prefabs/TextPrinters/Dialogue 1.prefab using Guid(e18e16c45a1831b44a41e4b38c577533) Importer(815301076,1909f56bfc062723c751e8b465ee728b) (PreviewImporter) -> (artifact id: '60b1736c8587387317566fc2fbe08404') in 0.0207362 seconds
Number of updated asset objects reloaded before import = 0Number of asset objects unloaded after import = 362

========================================================================
Received Import Request.
  Time since last request: 5.128479 seconds.
  path: Assets/Naninovel/Prefabs/TextPrinters/Dialogue 1.prefab
  artifactKey: Guid(e18e16c45a1831b44a41e4b38c577533) Importer(815301076,1909f56bfc062723c751e8b465ee728b)
Start importing Assets/Naninovel/Prefabs/TextPrinters/Dialogue 1.prefab using Guid(e18e16c45a1831b44a41e4b38c577533) Importer(815301076,1909f56bfc062723c751e8b465ee728b) (PreviewImporter) -> (artifact id: '268119a0062728362aa09a79c2e757a9') in 0.0222514 seconds
Number of updated asset objects reloaded before import = 0Number of asset objects unloaded after import = 362

========================================================================
Received Import Request.
  Time since last request: 46.072957 seconds.
  path: Assets/Naninovel/Prefabs/TextPrinters/Dialogue 1.prefab
  artifactKey: Guid(e18e16c45a1831b44a41e4b38c577533) Importer(815301076,1909f56bfc062723c751e8b465ee728b)
Start importing Assets/Naninovel/Prefabs/TextPrinters/Dialogue 1.prefab using Guid(e18e16c45a1831b44a41e4b38c577533) Importer(815301076,1909f56bfc062723c751e8b465ee728b) (PreviewImporter) -> (artifact id: 'c84257f808e52b2dd4c84bd1cfc42801') in 0.0220122 seconds
Number of updated asset objects reloaded before import = 0Number of asset objects unloaded after import = 358

========================================================================
Received Import Request.
  Time since last request: 6.223310 seconds.
  path: Assets/Naninovel/Prefabs/TextPrinters/Dialogue 1.prefab
  artifactKey: Guid(e18e16c45a1831b44a41e4b38c577533) Importer(815301076,1909f56bfc062723c751e8b465ee728b)
Start importing Assets/Naninovel/Prefabs/TextPrinters/Dialogue 1.prefab using Guid(e18e16c45a1831b44a41e4b38c577533) Importer(815301076,1909f56bfc062723c751e8b465ee728b) (PreviewImporter) -> (artifact id: '5c4038e705f6fa3a22dec9f2d304bbd2') in 0.0196566 seconds
Number of updated asset objects reloaded before import = 0Number of asset objects unloaded after import = 366

========================================================================
Received Import Request.
  Time since last request: 11.663611 seconds.
  path: Assets/Naninovel/Prefabs/TextPrinters/Dialogue 1.prefab
  artifactKey: Guid(e18e16c45a1831b44a41e4b38c577533) Importer(815301076,1909f56bfc062723c751e8b465ee728b)
Start importing Assets/Naninovel/Prefabs/TextPrinters/Dialogue 1.prefab using Guid(e18e16c45a1831b44a41e4b38c577533) Importer(815301076,1909f56bfc062723c751e8b465ee728b) (PreviewImporter) -> (artifact id: '15d05cbdee6fbafc900c4bbaf5597851') in 0.0187382 seconds
Number of updated asset objects reloaded before import = 0Number of asset objects unloaded after import = 366

========================================================================
Received Import Request.
  Time since last request: 16.326494 seconds.
  path: Assets/Naninovel/Prefabs/TextPrinters/Dialogue 1.prefab
  artifactKey: Guid(e18e16c45a1831b44a41e4b38c577533) Importer(815301076,1909f56bfc062723c751e8b465ee728b)
Start importing Assets/Naninovel/Prefabs/TextPrinters/Dialogue 1.prefab using Guid(e18e16c45a1831b44a41e4b38c577533) Importer(815301076,1909f56bfc062723c751e8b465ee728b) (PreviewImporter) -> (artifact id: 'df421fb79728927179f071ecaa44315d') in 0.0213198 seconds
Number of updated asset objects reloaded before import = 0Number of asset objects unloaded after import = 366

========================================================================
Received Import Request.
  Time since last request: 5.589321 seconds.
  path: Assets/Naninovel/Prefabs/TextPrinters/Dialogue 1.prefab
  artifactKey: Guid(e18e16c45a1831b44a41e4b38c577533) Importer(815301076,1909f56bfc062723c751e8b465ee728b)
Start importing Assets/Naninovel/Prefabs/TextPrinters/Dialogue 1.prefab using Guid(e18e16c45a1831b44a41e4b38c577533) Importer(815301076,1909f56bfc062723c751e8b465ee728b) (PreviewImporter) -> (artifact id: 'ddc0adf40f1ae486f11050c89171542e') in 0.0200617 seconds
Number of updated asset objects reloaded before import = 0Number of asset objects unloaded after import = 366

========================================================================
Received Import Request.
  Time since last request: 8.449842 seconds.
  path: Assets/Naninovel/Prefabs/TextPrinters/Dialogue 1.prefab
  artifactKey: Guid(e18e16c45a1831b44a41e4b38c577533) Importer(815301076,1909f56bfc062723c751e8b465ee728b)
Start importing Assets/Naninovel/Prefabs/TextPrinters/Dialogue 1.prefab using Guid(e18e16c45a1831b44a41e4b38c577533) Importer(815301076,1909f56bfc062723c751e8b465ee728b) (PreviewImporter) -> (artifact id: '9195e0d821fd47d7852a7bcad4e0d984') in 0.0239389 seconds
Number of updated asset objects reloaded before import = 0Number of asset objects unloaded after import = 366

========================================================================
Received Import Request.
  Time since last request: 13.513291 seconds.
  path: Assets/Naninovel/Prefabs/TextPrinters/Dialogue 1.prefab
  artifactKey: Guid(e18e16c45a1831b44a41e4b38c577533) Importer(815301076,1909f56bfc062723c751e8b465ee728b)
Start importing Assets/Naninovel/Prefabs/TextPrinters/Dialogue 1.prefab using Guid(e18e16c45a1831b44a41e4b38c577533) Importer(815301076,1909f56bfc062723c751e8b465ee728b) (PreviewImporter) -> (artifact id: 'd4eb90d1485eda961fc10bbc6e9de2c6') in 0.0203948 seconds
Number of updated asset objects reloaded before import = 0Number of asset objects unloaded after import = 366

========================================================================
Received Import Request.
  Time since last request: 3.001238 seconds.
  path: Assets/Naninovel/Prefabs/TextPrinters/Dialogue 1.prefab
  artifactKey: Guid(e18e16c45a1831b44a41e4b38c577533) Importer(815301076,1909f56bfc062723c751e8b465ee728b)
Start importing Assets/Naninovel/Prefabs/TextPrinters/Dialogue 1.prefab using Guid(e18e16c45a1831b44a41e4b38c577533) Importer(815301076,1909f56bfc062723c751e8b465ee728b) (PreviewImporter) -> (artifact id: 'fff5b23407a299537945abbf6ad37fcd') in 0.02322 seconds
Number of updated asset objects reloaded before import = 0Number of asset objects unloaded after import = 366

========================================================================
Received Prepare
Begin MonoManager ReloadAssembly
07/11/2024 09:06:37 p. m.|Fatal|WebSocketServer.receiveRequest|Thread was being aborted.
- Loaded All Assemblies, in  0.712 seconds
Refreshing native plugins compatible for Editor in 1.28 ms, found 3 plugins.
Native extension for WindowsStandalone target not found
Mono: successfully reloaded assembly
- Finished resetting the current domain, in  1.298 seconds
Domain Reload Profiling: 2007ms
	BeginReloadAssembly (204ms)
		ExecutionOrderSort (0ms)
		DisableScriptedObjects (4ms)
		BackupInstance (0ms)
		ReleaseScriptingObjects (0ms)
		CreateAndSetChildDomain (49ms)
	RebuildCommonClasses (43ms)
	RebuildNativeTypeToScriptingClass (14ms)
	initialDomainReloadingComplete (30ms)
	LoadAllAssembliesAndSetupDomain (417ms)
		LoadAssemblies (347ms)
		RebuildTransferFunctionScriptingTraits (0ms)
		AnalyzeDomain (180ms)
			TypeCache.Refresh (7ms)
				TypeCache.ScanAssembly (0ms)
			BuildScriptInfoCaches (31ms)
			ResolveRequiredComponents (9ms)
	FinalizeReload (1299ms)
		ReleaseScriptCaches (0ms)
		RebuildScriptCaches (0ms)
		SetupLoadedEditorAssemblies (1084ms)
			LogAssemblyErrors (0ms)
			InitializePlatformSupportModulesInManaged (2ms)
			SetLoadedEditorAssemblies (5ms)
			BeforeProcessingInitializeOnLoad (57ms)
			ProcessInitializeOnLoadAttributes (380ms)
			ProcessInitializeOnLoadMethodAttributes (632ms)
			AfterProcessingInitializeOnLoad (9ms)
			EditorAssembliesLoaded (0ms)
		ExecutionOrderSort2 (0ms)
		AwakeInstancesAfterBackupRestoration (6ms)
Refreshing native plugins compatible for Editor in 1.39 ms, found 3 plugins.
Preloading 0 native plugins for Editor in 0.00 ms.
Unloading 5 Unused Serialized files (Serialized files now loaded: 0)
Unloading 3964 unused Assets / (1.3 MB). Loaded Objects now: 4566.
Memory consumption went from 113.5 MB to 112.2 MB.
Total: 6.727000 ms (FindLiveObjects: 0.859300 ms CreateObjectMapping: 0.398000 ms MarkObjects: 4.335600 ms  DeleteObjects: 1.132800 ms)

Prepare: number of updated asset objects reloaded= 0
========================================================================
Received Prepare
Begin MonoManager ReloadAssembly
07/11/2024 09:07:09 p. m.|Fatal|WebSocketServer.receiveRequest|Thread was being aborted.
07/11/2024 09:07:09 p. m.|Error|<>c__DisplayClass70_0.<receiveRequest>b__0|Thread was being aborted.
07/11/2024 09:07:09 p. m.|Error|<>c__DisplayClass70_0.<receiveRequest>b__0|Thread was being aborted.
- Loaded All Assemblies, in  0.808 seconds
Refreshing native plugins compatible for Editor in 1.13 ms, found 3 plugins.
Native extension for WindowsStandalone target not found
System.Reflection.TargetInvocationException: Exception has been thrown by the target of an invocation. ---> System.InvalidOperationException: The underlying listener has failed to start. ---> System.Net.Sockets.SocketException: Solo se permite un uso de cada dirección de socket (protocolo/dirección de red/puerto)
UnityEngine.Debug:ExtractStackTraceNoAlloc (byte*,int,string)
UnityEngine.StackTraceUtility:ExtractStackTrace ()
UnityEngine.DebugLogHandler:Internal_Log (UnityEngine.LogType,UnityEngine.LogOption,string,UnityEngine.Object)
UnityEngine.DebugLogHandler:LogFormat (UnityEngine.LogType,UnityEngine.Object,string,object[])
UnityEngine.Logger:Log (UnityEngine.LogType,object)
UnityEngine.Debug:LogError (object)
UnityEditor.EditorAssemblies:ProcessInitializeOnLoadMethodAttributes ()

Mono: successfully reloaded assembly
- Finished resetting the current domain, in  1.252 seconds
Domain Reload Profiling: 2056ms
	BeginReloadAssembly (302ms)
		ExecutionOrderSort (0ms)
		DisableScriptedObjects (4ms)
		BackupInstance (0ms)
		ReleaseScriptingObjects (0ms)
		CreateAndSetChildDomain (158ms)
	RebuildCommonClasses (42ms)
	RebuildNativeTypeToScriptingClass (15ms)
	initialDomainReloadingComplete (30ms)
	LoadAllAssembliesAndSetupDomain (415ms)
		LoadAssemblies (336ms)
		RebuildTransferFunctionScriptingTraits (0ms)
		AnalyzeDomain (179ms)
			TypeCache.Refresh (7ms)
				TypeCache.ScanAssembly (0ms)
			BuildScriptInfoCaches (28ms)
			ResolveRequiredComponents (7ms)
	FinalizeReload (1252ms)
		ReleaseScriptCaches (0ms)
		RebuildScriptCaches (0ms)
		SetupLoadedEditorAssemblies (1055ms)
			LogAssemblyErrors (0ms)
			InitializePlatformSupportModulesInManaged (3ms)
			SetLoadedEditorAssemblies (6ms)
			BeforeProcessingInitializeOnLoad (66ms)
			ProcessInitializeOnLoadAttributes (371ms)
			ProcessInitializeOnLoadMethodAttributes (601ms)
			AfterProcessingInitializeOnLoad (8ms)
			EditorAssembliesLoaded (0ms)
		ExecutionOrderSort2 (0ms)
		AwakeInstancesAfterBackupRestoration (6ms)
Refreshing native plugins compatible for Editor in 1.16 ms, found 3 plugins.
Preloading 0 native plugins for Editor in 0.00 ms.
Unloading 5 Unused Serialized files (Serialized files now loaded: 0)
Unloading 3962 unused Assets / (1.1 MB). Loaded Objects now: 4567.
Memory consumption went from 113.5 MB to 112.4 MB.
Total: 6.183100 ms (FindLiveObjects: 0.553100 ms CreateObjectMapping: 0.180600 ms MarkObjects: 4.333000 ms  DeleteObjects: 1.115400 ms)

Prepare: number of updated asset objects reloaded= 0
========================================================================
Received Prepare
Begin MonoManager ReloadAssembly
- Loaded All Assemblies, in  0.834 seconds
Refreshing native plugins compatible for Editor in 1.15 ms, found 3 plugins.
Native extension for WindowsStandalone target not found
System.Reflection.TargetInvocationException: Exception has been thrown by the target of an invocation. ---> System.InvalidOperationException: The underlying listener has failed to start. ---> System.Net.Sockets.SocketException: Solo se permite un uso de cada dirección de socket (protocolo/dirección de red/puerto)
UnityEngine.Debug:ExtractStackTraceNoAlloc (byte*,int,string)
UnityEngine.StackTraceUtility:ExtractStackTrace ()
UnityEngine.DebugLogHandler:Internal_Log (UnityEngine.LogType,UnityEngine.LogOption,string,UnityEngine.Object)
UnityEngine.DebugLogHandler:LogFormat (UnityEngine.LogType,UnityEngine.Object,string,object[])
UnityEngine.Logger:Log (UnityEngine.LogType,object)
UnityEngine.Debug:LogError (object)
UnityEditor.EditorAssemblies:ProcessInitializeOnLoadMethodAttributes ()

Mono: successfully reloaded assembly
- Finished resetting the current domain, in  1.287 seconds
Domain Reload Profiling: 2118ms
	BeginReloadAssembly (208ms)
		ExecutionOrderSort (0ms)
		DisableScriptedObjects (5ms)
		BackupInstance (0ms)
		ReleaseScriptingObjects (0ms)
		CreateAndSetChildDomain (44ms)
	RebuildCommonClasses (44ms)
	RebuildNativeTypeToScriptingClass (14ms)
	initialDomainReloadingComplete (32ms)
	LoadAllAssembliesAndSetupDomain (531ms)
		LoadAssemblies (472ms)
		RebuildTransferFunctionScriptingTraits (0ms)
		AnalyzeDomain (178ms)
			TypeCache.Refresh (6ms)
				TypeCache.ScanAssembly (0ms)
			BuildScriptInfoCaches (29ms)
			ResolveRequiredComponents (7ms)
	FinalizeReload (1288ms)
		ReleaseScriptCaches (0ms)
		RebuildScriptCaches (0ms)
		SetupLoadedEditorAssemblies (1087ms)
			LogAssemblyErrors (0ms)
			InitializePlatformSupportModulesInManaged (2ms)
			SetLoadedEditorAssemblies (5ms)
			BeforeProcessingInitializeOnLoad (59ms)
			ProcessInitializeOnLoadAttributes (391ms)
			ProcessInitializeOnLoadMethodAttributes (621ms)
			AfterProcessingInitializeOnLoad (9ms)
			EditorAssembliesLoaded (0ms)
		ExecutionOrderSort2 (0ms)
		AwakeInstancesAfterBackupRestoration (6ms)
Refreshing native plugins compatible for Editor in 1.15 ms, found 3 plugins.
Preloading 0 native plugins for Editor in 0.00 ms.
Unloading 5 Unused Serialized files (Serialized files now loaded: 0)
Unloading 3962 unused Assets / (0.8 MB). Loaded Objects now: 4568.
Memory consumption went from 113.5 MB to 112.7 MB.
Total: 5.696900 ms (FindLiveObjects: 0.568900 ms CreateObjectMapping: 0.196500 ms MarkObjects: 3.981900 ms  DeleteObjects: 0.949300 ms)

Prepare: number of updated asset objects reloaded= 0
========================================================================
Received Prepare
Begin MonoManager ReloadAssembly
- Loaded All Assemblies, in  0.711 seconds
Refreshing native plugins compatible for Editor in 1.13 ms, found 3 plugins.
Native extension for WindowsStandalone target not found
Mono: successfully reloaded assembly
- Finished resetting the current domain, in  1.249 seconds
Domain Reload Profiling: 1957ms
	BeginReloadAssembly (197ms)
		ExecutionOrderSort (0ms)
		DisableScriptedObjects (5ms)
		BackupInstance (0ms)
		ReleaseScriptingObjects (0ms)
		CreateAndSetChildDomain (42ms)
	RebuildCommonClasses (44ms)
	RebuildNativeTypeToScriptingClass (16ms)
	initialDomainReloadingComplete (31ms)
	LoadAllAssembliesAndSetupDomain (419ms)
		LoadAssemblies (348ms)
		RebuildTransferFunctionScriptingTraits (0ms)
		AnalyzeDomain (180ms)
			TypeCache.Refresh (6ms)
				TypeCache.ScanAssembly (0ms)
			BuildScriptInfoCaches (28ms)
			ResolveRequiredComponents (11ms)
	FinalizeReload (1250ms)
		ReleaseScriptCaches (0ms)
		RebuildScriptCaches (0ms)
		SetupLoadedEditorAssemblies (1051ms)
			LogAssemblyErrors (0ms)
			InitializePlatformSupportModulesInManaged (2ms)
			SetLoadedEditorAssemblies (5ms)
			BeforeProcessingInitializeOnLoad (55ms)
			ProcessInitializeOnLoadAttributes (375ms)
			ProcessInitializeOnLoadMethodAttributes (604ms)
			AfterProcessingInitializeOnLoad (10ms)
			EditorAssembliesLoaded (0ms)
		ExecutionOrderSort2 (0ms)
		AwakeInstancesAfterBackupRestoration (6ms)
Refreshing native plugins compatible for Editor in 1.17 ms, found 3 plugins.
Preloading 0 native plugins for Editor in 0.00 ms.
Unloading 5 Unused Serialized files (Serialized files now loaded: 0)
Unloading 3962 unused Assets / (0.9 MB). Loaded Objects now: 4569.
Memory consumption went from 113.5 MB to 112.6 MB.
Total: 6.412700 ms (FindLiveObjects: 0.530000 ms CreateObjectMapping: 0.195400 ms MarkObjects: 4.678000 ms  DeleteObjects: 1.008100 ms)

Prepare: number of updated asset objects reloaded= 0
07/11/2024 09:18:32 p. m.|Error|<>c__DisplayClass70_0.<receiveRequest>b__0|A timeout has occurred while reading an HTTP request/response.
07/11/2024 09:18:33 p. m.|Error|<>c__DisplayClass70_0.<receiveRequest>b__0|A timeout has occurred while reading an HTTP request/response.
========================================================================
Received Prepare
Begin MonoManager ReloadAssembly
07/11/2024 09:23:44 p. m.|Fatal|WebSocketServer.receiveRequest|Thread was being aborted.
- Loaded All Assemblies, in  0.721 seconds
Refreshing native plugins compatible for Editor in 1.10 ms, found 3 plugins.
Native extension for WindowsStandalone target not found
System.Reflection.TargetInvocationException: Exception has been thrown by the target of an invocation. ---> System.InvalidOperationException: The underlying listener has failed to start. ---> System.Net.Sockets.SocketException: Solo se permite un uso de cada dirección de socket (protocolo/dirección de red/puerto)
UnityEngine.Debug:ExtractStackTraceNoAlloc (byte*,int,string)
UnityEngine.StackTraceUtility:ExtractStackTrace ()
UnityEngine.DebugLogHandler:Internal_Log (UnityEngine.LogType,UnityEngine.LogOption,string,UnityEngine.Object)
UnityEngine.DebugLogHandler:LogFormat (UnityEngine.LogType,UnityEngine.Object,string,object[])
UnityEngine.Logger:Log (UnityEngine.LogType,object)
UnityEngine.Debug:LogError (object)
UnityEditor.EditorAssemblies:ProcessInitializeOnLoadMethodAttributes ()

Mono: successfully reloaded assembly
- Finished resetting the current domain, in  1.286 seconds
Domain Reload Profiling: 2004ms
	BeginReloadAssembly (198ms)
		ExecutionOrderSort (0ms)
		DisableScriptedObjects (4ms)
		BackupInstance (0ms)
		ReleaseScriptingObjects (0ms)
		CreateAndSetChildDomain (45ms)
	RebuildCommonClasses (46ms)
	RebuildNativeTypeToScriptingClass (16ms)
	initialDomainReloadingComplete (30ms)
	LoadAllAssembliesAndSetupDomain (427ms)
		LoadAssemblies (351ms)
		RebuildTransferFunctionScriptingTraits (0ms)
		AnalyzeDomain (185ms)
			TypeCache.Refresh (6ms)
				TypeCache.ScanAssembly (0ms)
			BuildScriptInfoCaches (33ms)
			ResolveRequiredComponents (9ms)
	FinalizeReload (1286ms)
		ReleaseScriptCaches (0ms)
		RebuildScriptCaches (0ms)
		SetupLoadedEditorAssemblies (1086ms)
			LogAssemblyErrors (0ms)
			InitializePlatformSupportModulesInManaged (2ms)
			SetLoadedEditorAssemblies (5ms)
			BeforeProcessingInitializeOnLoad (56ms)
			ProcessInitializeOnLoadAttributes (413ms)
			ProcessInitializeOnLoadMethodAttributes (601ms)
			AfterProcessingInitializeOnLoad (8ms)
			EditorAssembliesLoaded (0ms)
		ExecutionOrderSort2 (0ms)
		AwakeInstancesAfterBackupRestoration (6ms)
Refreshing native plugins compatible for Editor in 1.17 ms, found 3 plugins.
Preloading 0 native plugins for Editor in 0.00 ms.
Unloading 5 Unused Serialized files (Serialized files now loaded: 0)
Unloading 3962 unused Assets / (0.9 MB). Loaded Objects now: 4570.
Memory consumption went from 113.5 MB to 112.6 MB.
Total: 5.794500 ms (FindLiveObjects: 0.546400 ms CreateObjectMapping: 0.192800 ms MarkObjects: 4.185500 ms  DeleteObjects: 0.868900 ms)

Prepare: number of updated asset objects reloaded= 0
========================================================================
Received Prepare
Begin MonoManager ReloadAssembly
- Loaded All Assemblies, in  0.696 seconds
Refreshing native plugins compatible for Editor in 1.20 ms, found 3 plugins.
Native extension for WindowsStandalone target not found
Mono: successfully reloaded assembly
- Finished resetting the current domain, in  1.262 seconds
Domain Reload Profiling: 1955ms
	BeginReloadAssembly (192ms)
		ExecutionOrderSort (0ms)
		DisableScriptedObjects (5ms)
		BackupInstance (0ms)
		ReleaseScriptingObjects (0ms)
		CreateAndSetChildDomain (42ms)
	RebuildCommonClasses (41ms)
	RebuildNativeTypeToScriptingClass (15ms)
	initialDomainReloadingComplete (29ms)
	LoadAllAssembliesAndSetupDomain (415ms)
		LoadAssemblies (340ms)
		RebuildTransferFunctionScriptingTraits (0ms)
		AnalyzeDomain (180ms)
			TypeCache.Refresh (6ms)
				TypeCache.ScanAssembly (0ms)
			BuildScriptInfoCaches (29ms)
			ResolveRequiredComponents (7ms)
	FinalizeReload (1263ms)
		ReleaseScriptCaches (0ms)
		RebuildScriptCaches (0ms)
		SetupLoadedEditorAssemblies (1065ms)
			LogAssemblyErrors (0ms)
			InitializePlatformSupportModulesInManaged (2ms)
			SetLoadedEditorAssemblies (4ms)
			BeforeProcessingInitializeOnLoad (50ms)
			ProcessInitializeOnLoadAttributes (396ms)
			ProcessInitializeOnLoadMethodAttributes (603ms)
			AfterProcessingInitializeOnLoad (8ms)
			EditorAssembliesLoaded (0ms)
		ExecutionOrderSort2 (0ms)
		AwakeInstancesAfterBackupRestoration (6ms)
Refreshing native plugins compatible for Editor in 1.21 ms, found 3 plugins.
Preloading 0 native plugins for Editor in 0.00 ms.
Unloading 5 Unused Serialized files (Serialized files now loaded: 0)
Unloading 3962 unused Assets / (0.8 MB). Loaded Objects now: 4571.
Memory consumption went from 113.5 MB to 112.7 MB.
Total: 5.791500 ms (FindLiveObjects: 0.545700 ms CreateObjectMapping: 0.201300 ms MarkObjects: 4.097600 ms  DeleteObjects: 0.946200 ms)

Prepare: number of updated asset objects reloaded= 0
07/11/2024 09:25:32 p. m.|Error|<>c__DisplayClass70_0.<receiveRequest>b__0|A timeout has occurred while reading an HTTP request/response.
07/11/2024 09:25:33 p. m.|Error|<>c__DisplayClass70_0.<receiveRequest>b__0|A timeout has occurred while reading an HTTP request/response.
========================================================================
Received Prepare
Begin MonoManager ReloadAssembly
07/11/2024 09:39:38 p. m.|Fatal|WebSocketServer.receiveRequest|Thread was being aborted.
- Loaded All Assemblies, in  1.098 seconds
Refreshing native plugins compatible for Editor in 1.13 ms, found 3 plugins.
Native extension for WindowsStandalone target not found
System.Reflection.TargetInvocationException: Exception has been thrown by the target of an invocation. ---> System.InvalidOperationException: The underlying listener has failed to start. ---> System.Net.Sockets.SocketException: Solo se permite un uso de cada dirección de socket (protocolo/dirección de red/puerto)
UnityEngine.Debug:ExtractStackTraceNoAlloc (byte*,int,string)
UnityEngine.StackTraceUtility:ExtractStackTrace ()
UnityEngine.DebugLogHandler:Internal_Log (UnityEngine.LogType,UnityEngine.LogOption,string,UnityEngine.Object)
UnityEngine.DebugLogHandler:LogFormat (UnityEngine.LogType,UnityEngine.Object,string,object[])
UnityEngine.Logger:Log (UnityEngine.LogType,object)
UnityEngine.Debug:LogError (object)
UnityEditor.EditorAssemblies:ProcessInitializeOnLoadMethodAttributes ()

Mono: successfully reloaded assembly
- Finished resetting the current domain, in  1.250 seconds
Domain Reload Profiling: 2345ms
	BeginReloadAssembly (198ms)
		ExecutionOrderSort (0ms)
		DisableScriptedObjects (5ms)
		BackupInstance (0ms)
		ReleaseScriptingObjects (0ms)
		CreateAndSetChildDomain (48ms)
	RebuildCommonClasses (42ms)
	RebuildNativeTypeToScriptingClass (15ms)
	initialDomainReloadingComplete (33ms)
	LoadAllAssembliesAndSetupDomain (807ms)
		LoadAssemblies (729ms)
		RebuildTransferFunctionScriptingTraits (0ms)
		AnalyzeDomain (184ms)
			TypeCache.Refresh (6ms)
				TypeCache.ScanAssembly (0ms)
			BuildScriptInfoCaches (32ms)
			ResolveRequiredComponents (8ms)
	FinalizeReload (1250ms)
		ReleaseScriptCaches (0ms)
		RebuildScriptCaches (0ms)
		SetupLoadedEditorAssemblies (1038ms)
			LogAssemblyErrors (0ms)
			InitializePlatformSupportModulesInManaged (2ms)
			SetLoadedEditorAssemblies (4ms)
			BeforeProcessingInitializeOnLoad (52ms)
			ProcessInitializeOnLoadAttributes (362ms)
			ProcessInitializeOnLoadMethodAttributes (609ms)
			AfterProcessingInitializeOnLoad (8ms)
			EditorAssembliesLoaded (0ms)
		ExecutionOrderSort2 (0ms)
		AwakeInstancesAfterBackupRestoration (6ms)
Refreshing native plugins compatible for Editor in 1.15 ms, found 3 plugins.
Preloading 0 native plugins for Editor in 0.00 ms.
Unloading 5 Unused Serialized files (Serialized files now loaded: 0)
Unloading 3962 unused Assets / (1.0 MB). Loaded Objects now: 4572.
Memory consumption went from 113.5 MB to 112.5 MB.
Total: 6.225000 ms (FindLiveObjects: 0.677200 ms CreateObjectMapping: 0.352100 ms MarkObjects: 4.011200 ms  DeleteObjects: 1.183600 ms)

Prepare: number of updated asset objects reloaded= 0
========================================================================
Received Prepare
Begin MonoManager ReloadAssembly
- Loaded All Assemblies, in  0.691 seconds
Refreshing native plugins compatible for Editor in 1.13 ms, found 3 plugins.
Native extension for WindowsStandalone target not found
Mono: successfully reloaded assembly
- Finished resetting the current domain, in  1.281 seconds
Domain Reload Profiling: 1969ms
	BeginReloadAssembly (191ms)
		ExecutionOrderSort (0ms)
		DisableScriptedObjects (4ms)
		BackupInstance (0ms)
		ReleaseScriptingObjects (0ms)
		CreateAndSetChildDomain (42ms)
	RebuildCommonClasses (42ms)
	RebuildNativeTypeToScriptingClass (15ms)
	initialDomainReloadingComplete (29ms)
	LoadAllAssembliesAndSetupDomain (410ms)
		LoadAssemblies (332ms)
		RebuildTransferFunctionScriptingTraits (0ms)
		AnalyzeDomain (185ms)
			TypeCache.Refresh (7ms)
				TypeCache.ScanAssembly (0ms)
			BuildScriptInfoCaches (32ms)
			ResolveRequiredComponents (7ms)
	FinalizeReload (1282ms)
		ReleaseScriptCaches (0ms)
		RebuildScriptCaches (0ms)
		SetupLoadedEditorAssemblies (1088ms)
			LogAssemblyErrors (0ms)
			InitializePlatformSupportModulesInManaged (3ms)
			SetLoadedEditorAssemblies (5ms)
			BeforeProcessingInitializeOnLoad (52ms)
			ProcessInitializeOnLoadAttributes (415ms)
			ProcessInitializeOnLoadMethodAttributes (604ms)
			AfterProcessingInitializeOnLoad (8ms)
			EditorAssembliesLoaded (0ms)
		ExecutionOrderSort2 (0ms)
		AwakeInstancesAfterBackupRestoration (6ms)
Refreshing native plugins compatible for Editor in 1.34 ms, found 3 plugins.
Preloading 0 native plugins for Editor in 0.00 ms.
Unloading 5 Unused Serialized files (Serialized files now loaded: 0)
Unloading 3962 unused Assets / (1.0 MB). Loaded Objects now: 4573.
Memory consumption went from 113.5 MB to 112.5 MB.
Total: 6.915600 ms (FindLiveObjects: 0.638000 ms CreateObjectMapping: 0.208400 ms MarkObjects: 4.908800 ms  DeleteObjects: 1.158800 ms)

Prepare: number of updated asset objects reloaded= 0
07/11/2024 09:41:41 p. m.|Error|<>c__DisplayClass70_0.<receiveRequest>b__0|A timeout has occurred while reading an HTTP request/response.
07/11/2024 09:41:41 p. m.|Error|<>c__DisplayClass70_0.<receiveRequest>b__0|A timeout has occurred while reading an HTTP request/response.
========================================================================
Received Prepare
Begin MonoManager ReloadAssembly
07/11/2024 09:43:07 p. m.|Fatal|WebSocketServer.receiveRequest|Thread was being aborted.
- Loaded All Assemblies, in  0.680 seconds
Refreshing native plugins compatible for Editor in 1.13 ms, found 3 plugins.
Native extension for WindowsStandalone target not found
Mono: successfully reloaded assembly
- Finished resetting the current domain, in  1.312 seconds
Domain Reload Profiling: 1989ms
	BeginReloadAssembly (185ms)
		ExecutionOrderSort (0ms)
		DisableScriptedObjects (4ms)
		BackupInstance (0ms)
		ReleaseScriptingObjects (0ms)
		CreateAndSetChildDomain (40ms)
	RebuildCommonClasses (43ms)
	RebuildNativeTypeToScriptingClass (15ms)
	initialDomainReloadingComplete (29ms)
	LoadAllAssembliesAndSetupDomain (405ms)
		LoadAssemblies (329ms)
		RebuildTransferFunctionScriptingTraits (0ms)
		AnalyzeDomain (176ms)
			TypeCache.Refresh (6ms)
				TypeCache.ScanAssembly (0ms)
			BuildScriptInfoCaches (29ms)
			ResolveRequiredComponents (8ms)
	FinalizeReload (1313ms)
		ReleaseScriptCaches (0ms)
		RebuildScriptCaches (0ms)
		SetupLoadedEditorAssemblies (1105ms)
			LogAssemblyErrors (0ms)
			InitializePlatformSupportModulesInManaged (2ms)
			SetLoadedEditorAssemblies (4ms)
			BeforeProcessingInitializeOnLoad (51ms)
			ProcessInitializeOnLoadAttributes (423ms)
			ProcessInitializeOnLoadMethodAttributes (617ms)
			AfterProcessingInitializeOnLoad (9ms)
			EditorAssembliesLoaded (0ms)
		ExecutionOrderSort2 (0ms)
		AwakeInstancesAfterBackupRestoration (6ms)
Refreshing native plugins compatible for Editor in 1.30 ms, found 3 plugins.
Preloading 0 native plugins for Editor in 0.00 ms.
Unloading 5 Unused Serialized files (Serialized files now loaded: 0)
Unloading 3962 unused Assets / (1.0 MB). Loaded Objects now: 4574.
Memory consumption went from 113.5 MB to 112.5 MB.
Total: 6.949400 ms (FindLiveObjects: 0.607000 ms CreateObjectMapping: 0.250100 ms MarkObjects: 4.879100 ms  DeleteObjects: 1.211700 ms)

Prepare: number of updated asset objects reloaded= 0
07/11/2024 09:44:39 p. m.|Error|<>c__DisplayClass70_0.<receiveRequest>b__0|A timeout has occurred while reading an HTTP request/response.
07/11/2024 09:44:40 p. m.|Error|<>c__DisplayClass70_0.<receiveRequest>b__0|A timeout has occurred while reading an HTTP request/response.
========================================================================
Received Prepare
Begin MonoManager ReloadAssembly
07/11/2024 09:49:20 p. m.|Fatal|WebSocketServer.receiveRequest|Thread was being aborted.
- Loaded All Assemblies, in  0.873 seconds
Refreshing native plugins compatible for Editor in 1.70 ms, found 3 plugins.
Native extension for WindowsStandalone target not found
System.Reflection.TargetInvocationException: Exception has been thrown by the target of an invocation. ---> System.InvalidOperationException: The underlying listener has failed to start. ---> System.Net.Sockets.SocketException: Solo se permite un uso de cada dirección de socket (protocolo/dirección de red/puerto)
UnityEngine.Debug:ExtractStackTraceNoAlloc (byte*,int,string)
UnityEngine.StackTraceUtility:ExtractStackTrace ()
UnityEngine.DebugLogHandler:Internal_Log (UnityEngine.LogType,UnityEngine.LogOption,string,UnityEngine.Object)
UnityEngine.DebugLogHandler:LogFormat (UnityEngine.LogType,UnityEngine.Object,string,object[])
UnityEngine.Logger:Log (UnityEngine.LogType,object)
UnityEngine.Debug:LogError (object)
UnityEditor.EditorAssemblies:ProcessInitializeOnLoadMethodAttributes ()

Mono: successfully reloaded assembly
- Finished resetting the current domain, in  1.266 seconds
Domain Reload Profiling: 2134ms
	BeginReloadAssembly (210ms)
		ExecutionOrderSort (0ms)
		DisableScriptedObjects (4ms)
		BackupInstance (0ms)
		ReleaseScriptingObjects (0ms)
		CreateAndSetChildDomain (45ms)
	RebuildCommonClasses (47ms)
	RebuildNativeTypeToScriptingClass (15ms)
	initialDomainReloadingComplete (38ms)
	LoadAllAssembliesAndSetupDomain (558ms)
		LoadAssemblies (479ms)
		RebuildTransferFunctionScriptingTraits (0ms)
		AnalyzeDomain (190ms)
			TypeCache.Refresh (6ms)
				TypeCache.ScanAssembly (0ms)
			BuildScriptInfoCaches (30ms)
			ResolveRequiredComponents (9ms)
	FinalizeReload (1267ms)
		ReleaseScriptCaches (0ms)
		RebuildScriptCaches (0ms)
		SetupLoadedEditorAssemblies (1058ms)
			LogAssemblyErrors (0ms)
			InitializePlatformSupportModulesInManaged (3ms)
			SetLoadedEditorAssemblies (5ms)
			BeforeProcessingInitializeOnLoad (51ms)
			ProcessInitializeOnLoadAttributes (389ms)
			ProcessInitializeOnLoadMethodAttributes (603ms)
			AfterProcessingInitializeOnLoad (9ms)
			EditorAssembliesLoaded (0ms)
		ExecutionOrderSort2 (0ms)
		AwakeInstancesAfterBackupRestoration (6ms)
Refreshing native plugins compatible for Editor in 1.46 ms, found 3 plugins.
Preloading 0 native plugins for Editor in 0.00 ms.
Unloading 5 Unused Serialized files (Serialized files now loaded: 0)
Unloading 3962 unused Assets / (1.0 MB). Loaded Objects now: 4575.
Memory consumption went from 113.5 MB to 112.5 MB.
Total: 6.873800 ms (FindLiveObjects: 0.584300 ms CreateObjectMapping: 0.181600 ms MarkObjects: 4.885100 ms  DeleteObjects: 1.221600 ms)

Prepare: number of updated asset objects reloaded= 0
========================================================================
Received Prepare
Begin MonoManager ReloadAssembly
- Loaded All Assemblies, in  0.700 seconds
Refreshing native plugins compatible for Editor in 1.39 ms, found 3 plugins.
Native extension for WindowsStandalone target not found
Mono: successfully reloaded assembly
- Finished resetting the current domain, in  1.271 seconds
Domain Reload Profiling: 1968ms
	BeginReloadAssembly (192ms)
		ExecutionOrderSort (0ms)
		DisableScriptedObjects (4ms)
		BackupInstance (0ms)
		ReleaseScriptingObjects (0ms)
		CreateAndSetChildDomain (44ms)
	RebuildCommonClasses (44ms)
	RebuildNativeTypeToScriptingClass (14ms)
	initialDomainReloadingComplete (29ms)
	LoadAllAssembliesAndSetupDomain (417ms)
		LoadAssemblies (341ms)
		RebuildTransferFunctionScriptingTraits (0ms)
		AnalyzeDomain (181ms)
			TypeCache.Refresh (8ms)
				TypeCache.ScanAssembly (0ms)
			BuildScriptInfoCaches (28ms)
			ResolveRequiredComponents (8ms)
	FinalizeReload (1271ms)
		ReleaseScriptCaches (0ms)
		RebuildScriptCaches (0ms)
		SetupLoadedEditorAssemblies (1069ms)
			LogAssemblyErrors (0ms)
			InitializePlatformSupportModulesInManaged (3ms)
			SetLoadedEditorAssemblies (5ms)
			BeforeProcessingInitializeOnLoad (53ms)
			ProcessInitializeOnLoadAttributes (408ms)
			ProcessInitializeOnLoadMethodAttributes (592ms)
			AfterProcessingInitializeOnLoad (8ms)
			EditorAssembliesLoaded (0ms)
		ExecutionOrderSort2 (0ms)
		AwakeInstancesAfterBackupRestoration (6ms)
Refreshing native plugins compatible for Editor in 1.16 ms, found 3 plugins.
Preloading 0 native plugins for Editor in 0.00 ms.
Unloading 5 Unused Serialized files (Serialized files now loaded: 0)
Unloading 3962 unused Assets / (0.9 MB). Loaded Objects now: 4576.
Memory consumption went from 113.5 MB to 112.6 MB.
Total: 5.645200 ms (FindLiveObjects: 0.534500 ms CreateObjectMapping: 0.206000 ms MarkObjects: 3.974600 ms  DeleteObjects: 0.929300 ms)

Prepare: number of updated asset objects reloaded= 0
07/11/2024 09:51:08 p. m.|Error|<>c__DisplayClass70_0.<receiveRequest>b__0|A timeout has occurred while reading an HTTP request/response.
07/11/2024 09:51:08 p. m.|Error|<>c__DisplayClass70_0.<receiveRequest>b__0|A timeout has occurred while reading an HTTP request/response.
